<?xml version="1.0" encoding="UTF-8"?>
<!-- Generated by org.testng.reporters.JUnitReportReporter -->
<testsuite skipped="0" hostname="Shri-PC" name="com.tests.DemoTest" tests="1" failures="0" timestamp="2021-09-11T15:24:39 IST" time="9.114" errors="0">
  <testcase name="test01" time="9.114" classname="com.tests.DemoTest"/>
  <system-out/>
</testsuite> <!-- com.tests.DemoTest -->
