<?xml version="1.0" encoding="UTF-8"?>
<!-- Generated by org.testng.reporters.JUnitReportReporter -->
<testsuite skipped="0" hostname="Shri-PC" name="com.pageObject.HomePageTest" tests="1" failures="0" timestamp="2021-09-25T16:06:56 IST" time="0.645" errors="0">
  <testcase name="userChecking" time="0.645" classname="com.pageObject.HomePageTest"/>
  <system-out/>
</testsuite> <!-- com.pageObject.HomePageTest -->
