<?xml version="1.0" encoding="UTF-8"?>
<!-- Generated by org.testng.reporters.JUnitReportReporter -->
<testsuite skipped="0" hostname="Shri-PC" name="com.pageObject.LoginPageCheck" tests="1" failures="0" timestamp="2021-09-25T10:18:04 IST" time="11.255" errors="0">
  <testcase name="test01" time="11.255" classname="com.pageObject.LoginPageCheck"/>
  <system-out/>
</testsuite> <!-- com.pageObject.LoginPageCheck -->
