<?xml version="1.0" encoding="UTF-8"?>
<!-- Generated by org.testng.reporters.JUnitReportReporter -->
<testsuite skipped="0" hostname="Shri-PC" name="com.listeners.Demo" tests="1" failures="0" timestamp="2021-09-18T20:06:08 IST" time="0.020" errors="0">
  <testcase name="test" time="0.020" classname="com.listeners.Demo"/>
  <system-out/>
</testsuite> <!-- com.listeners.Demo -->
