<?xml version="1.0" encoding="UTF-8"?>
<!-- Generated by org.testng.reporters.JUnitReportReporter -->
<testsuite skipped="0" hostname="Shri-PC" name="com.pageObject.UserText" tests="3" failures="0" timestamp="2021-09-25T21:33:01 IST" time="11.171" errors="0">
  <testcase name="VerifyFooterLinkTitle" time="10.368" classname="com.pageObject.UserText"/>
  <system-out/>
  <testcase name="VerifyAddUserTitle" time="0.435" classname="com.pageObject.UserText"/>
  <system-out/>
  <testcase name="VerifyTitle" time="0.368" classname="com.pageObject.UserText"/>
  <system-out/>
</testsuite> <!-- com.pageObject.UserText -->
