<?xml version="1.0" encoding="UTF-8"?>
<!-- Generated by org.testng.reporters.JUnitReportReporter -->
<testsuite skipped="0" hostname="Shri-PC" name="com.pagesTest.DashboardPageTest" tests="3" failures="0" timestamp="2021-10-17T17:15:56 IST" time="0.729" errors="0">
  <testcase name="test04" time="0.119" classname="com.pagesTest.DashboardPageTest"/>
  <system-out/>
  <testcase name="test03" time="0.098" classname="com.pagesTest.DashboardPageTest"/>
  <system-out/>
  <testcase name="test06" time="0.512" classname="com.pagesTest.DashboardPageTest"/>
  <system-out/>
</testsuite> <!-- com.pagesTest.DashboardPageTest -->
