<?xml version="1.0" encoding="UTF-8"?>
<!-- Generated by org.testng.reporters.JUnitReportReporter -->
<testsuite skipped="0" hostname="Shri-PC" name="com.pagesTest.UserPageTest" tests="2" failures="0" timestamp="2021-10-17T17:15:56 IST" time="0.638" errors="0">
  <testcase name="test22" time="0.359" classname="com.pagesTest.UserPageTest"/>
  <system-out/>
  <testcase name="test21" time="0.279" classname="com.pagesTest.UserPageTest"/>
  <system-out/>
</testsuite> <!-- com.pagesTest.UserPageTest -->
