<?xml version="1.0" encoding="UTF-8"?>
<!-- Generated by org.testng.reporters.JUnitReportReporter -->
<testsuite skipped="0" hostname="Shri-PC" name="com.pagesTest.LoginPageTest" tests="2" failures="0" timestamp="2021-10-17T17:15:56 IST" time="1.856" errors="0">
  <testcase name="test02" time="1.398" classname="com.pagesTest.LoginPageTest"/>
  <system-out/>
  <testcase name="test01" time="0.458" classname="com.pagesTest.LoginPageTest"/>
  <system-out/>
</testsuite> <!-- com.pagesTest.LoginPageTest -->
